2023-06-21 10:27:46.410 wdl.w:phyloflow NOTICE workflow start :: name: "phyloflow", source: "workflows/phyloflow_standalone.wdl", line: 235, column: 1, dir: "/home/alejo/Documents/NCSA/phyloflow_parsl/runs/20230621_102746_phyloflow"
2023-06-21 10:27:46.412 wdl.w:phyloflow NOTICE miniwdl :: version: "v1.10.0", uname: "Linux wirelessprvnat-172-16-238-46.near.illinois.edu 6.3.7-100.fc37.x86_64 #1 SMP PREEMPT_DYNAMIC Fri Jun  9 15:21:15 UTC 2023 x86_64"
2023-06-21 10:27:46.420 wdl.w:phyloflow NOTICE ready :: job: "call-vcf_to_pyclonevi_in", callee: "vcf_transform"
2023-06-21 10:27:46.421 wdl.w:phyloflow.t:call-vcf_to_pyclonevi_in NOTICE task setup :: name: "vcf_transform", source: "workflows/phyloflow_standalone.wdl", line: 12, column: 1, dir: "/home/alejo/Documents/NCSA/phyloflow_parsl/runs/20230621_102746_phyloflow/call-vcf_to_pyclonevi_in", thread: 140672388781760
2023-06-21 10:27:46.541 wdl.w:phyloflow.t:call-vcf_to_pyclonevi_in NOTICE docker swarm resources :: workers: 1, max_cpus: 8, max_mem_bytes: 16433520640, total_cpus: 8, total_mem_bytes: 16433520640
2023-06-21 10:27:46.548 wdl.w:phyloflow.t:call-vcf_to_pyclonevi_in NOTICE docker image :: tag: "public.ecr.aws/k1t6h9x8/phyloflow/vcf_transform:latest", id: "sha256:1af14b015ff6b24aa24bb784278c4b3cd193915a3f2a793259fdce888591c2ae", RepoDigest: "public.ecr.aws/k1t6h9x8/phyloflow/vcf_transform@sha256:f9a83db0d009bcee775918d96d163af5d5b91bd57f5131c961020f8f122f6c62"
2023-06-21 10:27:47.532 wdl.w:phyloflow.t:call-vcf_to_pyclonevi_in NOTICE docker task running :: service: "4j2b5q9odjlo", task: "0j7jndm8sw", node: "k3ydrjghr4", message: "started"
2023-06-21 10:27:48.585 wdl.w:phyloflow.t:call-vcf_to_pyclonevi_in NOTICE docker task exit :: state: "complete", exit_code: 0
2023-06-21 10:27:48.914 wdl.w:phyloflow.t:call-vcf_to_pyclonevi_in NOTICE done
2023-06-21 10:27:48.914 wdl.w:phyloflow NOTICE finish :: job: "call-vcf_to_pyclonevi_in"
2023-06-21 10:27:48.914 wdl.w:phyloflow NOTICE ready :: job: "call-pyclonevi_clustering", callee: "pyclone_vi"
2023-06-21 10:27:48.915 wdl.w:phyloflow.t:call-pyclonevi_clustering NOTICE task setup :: name: "pyclone_vi", source: "workflows/phyloflow_standalone.wdl", line: 61, column: 1, dir: "/home/alejo/Documents/NCSA/phyloflow_parsl/runs/20230621_102746_phyloflow/call-pyclonevi_clustering", thread: 140672388781760
2023-06-21 10:27:48.929 wdl.w:phyloflow.t:call-pyclonevi_clustering NOTICE docker image :: tag: "public.ecr.aws/k1t6h9x8/phyloflow/pyclone_vi:latest", id: "sha256:f6c6947bd00e0eb1bc31ba44276539d965ace9269b42d1ca01f42da0d1b884f8", RepoDigest: "public.ecr.aws/k1t6h9x8/phyloflow/pyclone_vi@sha256:440335fed7f8c89228ba4c156b2418cd740af31d563ca1338e7a08a6b7a563f0"
2023-06-21 10:27:51.138 wdl.w:phyloflow.t:call-pyclonevi_clustering NOTICE docker task running :: service: "2qee2v80yamw", task: "hx0xgxutsk", node: "k3ydrjghr4", message: "started"
2023-06-21 10:27:53.345 wdl.w:phyloflow.t:call-pyclonevi_clustering NOTICE docker task exit :: state: "complete", exit_code: 0
2023-06-21 10:27:53.712 wdl.w:phyloflow.t:call-pyclonevi_clustering NOTICE done
2023-06-21 10:27:53.713 wdl.w:phyloflow NOTICE finish :: job: "call-pyclonevi_clustering"
2023-06-21 10:27:53.713 wdl.w:phyloflow NOTICE ready :: job: "call-clusters_to_spruce_in", callee: "cluster_transform"
2023-06-21 10:27:53.714 wdl.w:phyloflow.t:call-clusters_to_spruce_in NOTICE task setup :: name: "cluster_transform", source: "workflows/phyloflow_standalone.wdl", line: 86, column: 1, dir: "/home/alejo/Documents/NCSA/phyloflow_parsl/runs/20230621_102746_phyloflow/call-clusters_to_spruce_in", thread: 140672388781760
2023-06-21 10:27:53.733 wdl.w:phyloflow.t:call-clusters_to_spruce_in NOTICE docker image :: tag: "public.ecr.aws/k1t6h9x8/phyloflow/cluster_transform:latest", id: "sha256:2a5afbc635399210f94052cb46c78791c7878ca4d6497ad5e697b05d551b624b", RepoDigest: "public.ecr.aws/k1t6h9x8/phyloflow/cluster_transform@sha256:2ffb66543a2c0d41702bf36a5dcd816ee70c256c47ba15ab6861ca93e548bc20"
2023-06-21 10:27:55.398 wdl.w:phyloflow.t:call-clusters_to_spruce_in NOTICE docker task exit :: state: "complete", exit_code: 0
2023-06-21 10:27:55.792 wdl.w:phyloflow.t:call-clusters_to_spruce_in NOTICE done
2023-06-21 10:27:55.792 wdl.w:phyloflow NOTICE finish :: job: "call-clusters_to_spruce_in"
2023-06-21 10:27:55.793 wdl.w:phyloflow NOTICE ready :: job: "call-spruce_tree_building", callee: "spruce_phylogeny"
2023-06-21 10:27:55.793 wdl.w:phyloflow.t:call-spruce_tree_building NOTICE task setup :: name: "spruce_phylogeny", source: "workflows/phyloflow_standalone.wdl", line: 125, column: 1, dir: "/home/alejo/Documents/NCSA/phyloflow_parsl/runs/20230621_102746_phyloflow/call-spruce_tree_building", thread: 140672388781760
2023-06-21 10:27:55.815 wdl.w:phyloflow.t:call-spruce_tree_building NOTICE docker image :: tag: "public.ecr.aws/k1t6h9x8/phyloflow/spruce:latest", id: "sha256:847ec893244d2f879b54d21050a40abd0fb8ae7b32eecb45b9677bc189776357", RepoDigest: "public.ecr.aws/k1t6h9x8/phyloflow/spruce@sha256:20099fd7dab132370afaded5813b72196e81f301c7bdacb4ad51f01fac297c65"
2023-06-21 10:27:57.772 wdl.w:phyloflow.t:call-spruce_tree_building NOTICE docker task exit :: state: "complete", exit_code: 0
2023-06-21 10:27:58.087 wdl.w:phyloflow.t:call-spruce_tree_building NOTICE done
2023-06-21 10:27:58.087 wdl.w:phyloflow NOTICE finish :: job: "call-spruce_tree_building"
2023-06-21 10:27:58.088 wdl.w:phyloflow NOTICE ready :: job: "call-aggregate_json", callee: "aggregate_json"
2023-06-21 10:27:58.088 wdl.w:phyloflow.t:call-aggregate_json NOTICE task setup :: name: "aggregate_json", source: "workflows/phyloflow_standalone.wdl", line: 150, column: 1, dir: "/home/alejo/Documents/NCSA/phyloflow_parsl/runs/20230621_102746_phyloflow/call-aggregate_json", thread: 140672388781760
2023-06-21 10:27:58.104 wdl.w:phyloflow.t:call-aggregate_json NOTICE docker image :: tag: "public.ecr.aws/k1t6h9x8/phyloflow/aggregate_json:latest", id: "sha256:faada7e67d63f5b68d23542f033baccc57b4d16ef679824a35002c55fab83d17", RepoDigest: "public.ecr.aws/k1t6h9x8/phyloflow/aggregate_json@sha256:7c4b606fc582241ad187a1cecde98e236a9d5830e5332ea56d7e709e3dfea4e0"
2023-06-21 10:27:59.170 wdl.w:phyloflow.t:call-aggregate_json NOTICE docker task running :: service: "m94ubs4iddb7", task: "p0ge9vdlm6", node: "k3ydrjghr4", message: "started"
2023-06-21 10:28:00.186 wdl.w:phyloflow.t:call-aggregate_json NOTICE docker task exit :: state: "complete", exit_code: 0
2023-06-21 10:28:00.534 wdl.w:phyloflow.t:call-aggregate_json NOTICE done
2023-06-21 10:28:00.534 wdl.w:phyloflow NOTICE finish :: job: "call-aggregate_json"
2023-06-21 10:28:00.536 wdl.w:phyloflow NOTICE done
